<?xml version="1.0" encoding="UTF-8"?>
<!-- Generated by org.testng.reporters.JUnitXMLReporter -->
<testsuite ignored="1" hostname="LAPTOP-5B9G6GKJ" failures="0" tests="1" name="Default test" time="9.105" errors="0" timestamp="2022-10-28T11:46:45 IST">
  <testcase classname="TestCase.RegisterTestCase" name="testExistingInputFields" time="2.335"/>
  <testcase classname="TestCase.RegisterTestCase" name="newUserRegisterTest" time="0.0">
    <ignored/>
  </testcase> <!-- newUserRegisterTest -->
</testsuite> <!-- Default test -->
