<?xml version="1.0" encoding="UTF-8"?>
<!-- Generated by org.testng.reporters.JUnitXMLReporter -->
<testsuite ignored="0" hostname="LAPTOP-5B9G6GKJ" failures="0" tests="8" name="Test" time="45.076" errors="0" timestamp="2022-10-28T11:49:07 IST">
  <testcase classname="TestCase.LoginTestCase" name="invalidUsernameValidPasswordLoginTest" time="1.176"/>
  <testcase classname="TestCase.LoginTestCase" name="validUsernameInvalidPasswordLoginTest" time="0.997"/>
  <testcase classname="TestCase.LoginTestCase" name="invalidUsernameInvalidPasswordLoginTest" time="0.892"/>
  <testcase classname="TestCase.LoginTestCase" name="ValidloginTest" time="2.241"/>
  <testcase classname="TestCase.RegisterTestCase" name="testExistingInputFields" time="1.725"/>
  <testcase classname="TestCase.RegisterTestCase" name="newUserRegisterTest" time="4.336"/>
  <testcase classname="TestCase.PopuarMakeCommentTestCase" name="newUserRegisterTest" time="14.986"/>
  <testcase classname="TestCase.PopuarMakeCommentTestCase" name="testReComment" time="7.305"/>
</testsuite> <!-- Test -->
