<?xml version="1.0" encoding="UTF-8"?>
<!-- Generated by org.testng.reporters.JUnitXMLReporter -->
<testsuite ignored="0" hostname="LAPTOP-5B9G6GKJ" failures="0" tests="8" name="Test" time="55.364" errors="0" timestamp="2022-11-01T10:03:07 IST">
  <testcase classname="TestCase.LoginTestCase" name="invalidUsernameValidPasswordLoginTest" time="1.808"/>
  <testcase classname="TestCase.LoginTestCase" name="validUsernameInvalidPasswordLoginTest" time="1.131"/>
  <testcase classname="TestCase.LoginTestCase" name="invalidUsernameInvalidPasswordLoginTest" time="1.006"/>
  <testcase classname="TestCase.LoginTestCase" name="ValidloginTest" time="2.055"/>
  <testcase classname="TestCase.RegisterTestCase" name="testExistingInputFields" time="2.077"/>
  <testcase classname="TestCase.RegisterTestCase" name="newUserRegisterTest" time="4.813"/>
  <testcase classname="TestCase.PopuarMakeCommentTestCase" name="newUserRegisterTest" time="17.698"/>
  <testcase classname="TestCase.PopuarMakeCommentTestCase" name="testReComment" time="6.078"/>
</testsuite> <!-- Test -->
