<?xml version="1.0" encoding="UTF-8"?>
<testng-results ignored="0" total="8" passed="8" failed="0" skipped="0">
  <reporter-output>
  </reporter-output>
  <suite started-at="2022-10-31T16:37:10 IST" name="Suite" finished-at="2022-10-31T16:37:55 IST" duration-ms="44831">
    <groups>
    </groups>
    <test started-at="2022-10-31T16:37:10 IST" name="Test" finished-at="2022-10-31T16:37:55 IST" duration-ms="44831">
      <class name="TestCase.LoginTestCase">
        <test-method is-config="true" signature="setUp()[pri:0, instance:TestCase.LoginTestCase@128d2484]" started-at="2022-10-31T16:37:10 IST" name="setUp" finished-at="2022-10-31T16:37:16 IST" duration-ms="5705" status="PASS">
          <reporter-output>
          </reporter-output>
        </test-method> <!-- setUp -->
        <test-method is-config="true" signature="json()[pri:0, instance:TestCase.LoginTestCase@128d2484]" started-at="2022-10-31T16:37:16 IST" name="json" finished-at="2022-10-31T16:37:16 IST" duration-ms="4" status="PASS">
          <reporter-output>
          </reporter-output>
        </test-method> <!-- json -->
        <test-method signature="invalidUsernameValidPasswordLoginTest()[pri:1, instance:TestCase.LoginTestCase@128d2484]" started-at="2022-10-31T16:37:16 IST" name="invalidUsernameValidPasswordLoginTest" finished-at="2022-10-31T16:37:17 IST" duration-ms="1471" status="PASS">
          <reporter-output>
          </reporter-output>
        </test-method> <!-- invalidUsernameValidPasswordLoginTest -->
        <test-method signature="validUsernameInvalidPasswordLoginTest()[pri:2, instance:TestCase.LoginTestCase@128d2484]" started-at="2022-10-31T16:37:17 IST" name="validUsernameInvalidPasswordLoginTest" finished-at="2022-10-31T16:37:18 IST" duration-ms="893" status="PASS">
          <reporter-output>
          </reporter-output>
        </test-method> <!-- validUsernameInvalidPasswordLoginTest -->
        <test-method signature="invalidUsernameInvalidPasswordLoginTest()[pri:3, instance:TestCase.LoginTestCase@128d2484]" started-at="2022-10-31T16:37:18 IST" name="invalidUsernameInvalidPasswordLoginTest" finished-at="2022-10-31T16:37:19 IST" duration-ms="799" status="PASS">
          <reporter-output>
          </reporter-output>
        </test-method> <!-- invalidUsernameInvalidPasswordLoginTest -->
        <test-method signature="ValidloginTest()[pri:4, instance:TestCase.LoginTestCase@128d2484]" started-at="2022-10-31T16:37:19 IST" name="ValidloginTest" finished-at="2022-10-31T16:37:21 IST" duration-ms="1564" status="PASS">
          <reporter-output>
          </reporter-output>
        </test-method> <!-- ValidloginTest -->
        <test-method is-config="true" signature="quitDriver()[pri:0, instance:TestCase.LoginTestCase@128d2484]" started-at="2022-10-31T16:37:21 IST" name="quitDriver" finished-at="2022-10-31T16:37:21 IST" duration-ms="191" status="PASS">
          <reporter-output>
          </reporter-output>
        </test-method> <!-- quitDriver -->
      </class> <!-- TestCase.LoginTestCase -->
      <class name="TestCase.RegisterTestCase">
        <test-method is-config="true" signature="setUp()[pri:0, instance:TestCase.RegisterTestCase@3270d194]" started-at="2022-10-31T16:37:21 IST" name="setUp" finished-at="2022-10-31T16:37:23 IST" duration-ms="2617" status="PASS">
          <reporter-output>
          </reporter-output>
        </test-method> <!-- setUp -->
        <test-method signature="testExistingInputFields()[pri:1, instance:TestCase.RegisterTestCase@3270d194]" started-at="2022-10-31T16:37:23 IST" name="testExistingInputFields" finished-at="2022-10-31T16:37:25 IST" duration-ms="1734" status="PASS">
          <reporter-output>
          </reporter-output>
        </test-method> <!-- testExistingInputFields -->
        <test-method signature="newUserRegisterTest()[pri:2, instance:TestCase.RegisterTestCase@3270d194]" started-at="2022-10-31T16:37:25 IST" name="newUserRegisterTest" finished-at="2022-10-31T16:37:29 IST" duration-ms="3869" status="PASS">
          <reporter-output>
          </reporter-output>
        </test-method> <!-- newUserRegisterTest -->
        <test-method is-config="true" signature="quitDriver()[pri:0, instance:TestCase.RegisterTestCase@3270d194]" started-at="2022-10-31T16:37:29 IST" name="quitDriver" finished-at="2022-10-31T16:37:29 IST" duration-ms="203" status="PASS">
          <reporter-output>
          </reporter-output>
        </test-method> <!-- quitDriver -->
      </class> <!-- TestCase.RegisterTestCase -->
      <class name="TestCase.PopuarMakeCommentTestCase">
        <test-method is-config="true" signature="setUp()[pri:0, instance:TestCase.PopuarMakeCommentTestCase@235834f2]" started-at="2022-10-31T16:37:29 IST" name="setUp" finished-at="2022-10-31T16:37:32 IST" duration-ms="2506" status="PASS">
          <reporter-output>
          </reporter-output>
        </test-method> <!-- setUp -->
        <test-method signature="newUserRegisterTest()[pri:0, instance:TestCase.PopuarMakeCommentTestCase@235834f2]" started-at="2022-10-31T16:37:32 IST" name="newUserRegisterTest" finished-at="2022-10-31T16:37:47 IST" duration-ms="15583" status="PASS">
          <reporter-output>
          </reporter-output>
        </test-method> <!-- newUserRegisterTest -->
        <test-method signature="testReComment()[pri:0, instance:TestCase.PopuarMakeCommentTestCase@235834f2]" started-at="2022-10-31T16:37:47 IST" name="testReComment" finished-at="2022-10-31T16:37:55 IST" duration-ms="7446" status="PASS">
          <reporter-output>
          </reporter-output>
        </test-method> <!-- testReComment -->
        <test-method is-config="true" signature="quitDriver()[pri:0, instance:TestCase.PopuarMakeCommentTestCase@235834f2]" started-at="2022-10-31T16:37:55 IST" name="quitDriver" finished-at="2022-10-31T16:37:55 IST" duration-ms="185" status="PASS">
          <reporter-output>
          </reporter-output>
        </test-method> <!-- quitDriver -->
      </class> <!-- TestCase.PopuarMakeCommentTestCase -->
    </test> <!-- Test -->
  </suite> <!-- Suite -->
</testng-results>
